<?xml version="1.0" encoding="UTF-8"?>
<robot generator="Robot 4.1.3 (Python 3.10.2 on win32)" generated="20220221 11:33:21.473" rpa="false" schemaversion="2">
<suite id="s1" name="amazonTest" source="C:\Projetos\WebTesting\amazonTest.robot">
<test id="s1-t1" name="Caso de Teste 01 - Acesso ao menu &quot;Eletrônicos&quot;">
<kw name="Abrir o navegador" library="amazonResources" type="SETUP">
<kw name="Open Browser" library="SeleniumLibrary">
<arg>browser=chrome</arg>
<doc>Opens a new browser instance to the optional ``url``.</doc>
<msg timestamp="20220221 11:33:21.742" level="INFO">Opening browser 'chrome' to base url 'None'.</msg>
<status status="PASS" starttime="20220221 11:33:21.742" endtime="20220221 11:33:23.958"/>
</kw>
<kw name="Maximize Browser Window" library="SeleniumLibrary">
<doc>Maximizes current browser window.</doc>
<status status="PASS" starttime="20220221 11:33:23.958" endtime="20220221 11:33:24.074"/>
</kw>
<status status="PASS" starttime="20220221 11:33:21.742" endtime="20220221 11:33:24.074"/>
</kw>
<kw name="Acessar a home page do site Amazon.com.br" library="amazonResources">
<kw name="Go To" library="SeleniumLibrary">
<arg>url=${URL}</arg>
<doc>Navigates the current browser window to the provided ``url``.</doc>
<msg timestamp="20220221 11:33:24.075" level="INFO">Opening url 'https://www.amazon.com.br/'</msg>
<status status="PASS" starttime="20220221 11:33:24.075" endtime="20220221 11:33:28.057"/>
</kw>
<kw name="Wait Until Element Is Visible" library="SeleniumLibrary">
<arg>locator=${MENU_ELETRONICOS}</arg>
<doc>Waits until the element ``locator`` is visible.</doc>
<status status="PASS" starttime="20220221 11:33:28.058" endtime="20220221 11:33:28.109"/>
</kw>
<status status="PASS" starttime="20220221 11:33:24.075" endtime="20220221 11:33:28.109"/>
</kw>
<kw name="Entrar no menu &quot;Eletrônicos&quot;" library="amazonResources">
<kw name="Click Element" library="SeleniumLibrary">
<arg>locator=${MENU_ELETRONICOS}</arg>
<doc>Click the element identified by ``locator``.</doc>
<msg timestamp="20220221 11:33:28.111" level="INFO">Clicking element '//a[@href='/Eletronicos-e-Tecnologia/b/?ie=UTF8&amp;node=16209062011&amp;ref_=nav_cs_electronics'][contains(.,'Eletrônicos')]'.</msg>
<status status="PASS" starttime="20220221 11:33:28.110" endtime="20220221 11:33:32.355"/>
</kw>
<status status="PASS" starttime="20220221 11:33:28.110" endtime="20220221 11:33:32.356"/>
</kw>
<kw name="Verificar se aparece a frase &quot;Eletrônicos e Tecnologia&quot;" library="amazonResources" sourcename="Verificar se aparece a frase &quot;${FRASE}&quot;">
<kw name="Wait Until Page Contains" library="SeleniumLibrary">
<arg>text=${FRASE}</arg>
<doc>Waits until ``text`` appears on the current page.</doc>
<status status="PASS" starttime="20220221 11:33:32.357" endtime="20220221 11:33:32.475"/>
</kw>
<kw name="Wait Until Element Is Visible" library="SeleniumLibrary">
<arg>locator=${HEARD_ELETRONICOS}</arg>
<doc>Waits until the element ``locator`` is visible.</doc>
<status status="PASS" starttime="20220221 11:33:32.475" endtime="20220221 11:33:32.536"/>
</kw>
<status status="PASS" starttime="20220221 11:33:32.357" endtime="20220221 11:33:32.536"/>
</kw>
<kw name="Verificar se o título da página fica &quot;Eletrônicos e Tecnologia | Amazon.com.br&quot;" library="amazonResources" sourcename="Verificar se o título da página fica &quot;${TITULO}&quot;">
<kw name="Title Should Be" library="SeleniumLibrary">
<arg>title=${TITULO}</arg>
<doc>Verifies that the current page title equals ``title``.</doc>
<msg timestamp="20220221 11:33:32.590" level="INFO">Page title is 'Eletrônicos e Tecnologia | Amazon.com.br'.</msg>
<status status="PASS" starttime="20220221 11:33:32.538" endtime="20220221 11:33:32.590"/>
</kw>
<status status="PASS" starttime="20220221 11:33:32.537" endtime="20220221 11:33:32.590"/>
</kw>
<kw name="Verificar se aparece a categoria &quot;Computadores e Informática&quot;" library="amazonResources" sourcename="Verificar se aparece a categoria &quot;${NOME_CATEGORIA}&quot;">
<kw name="Element Should Be Visible" library="SeleniumLibrary">
<arg>locator=//a[@aria-label='${NOME_CATEGORIA}']</arg>
<doc>Verifies that the element identified by ``locator`` is visible.</doc>
<msg timestamp="20220221 11:33:32.730" level="INFO">Element '//a[@aria-label='Computadores e Informática']' is displayed.</msg>
<status status="PASS" starttime="20220221 11:33:32.591" endtime="20220221 11:33:32.730"/>
</kw>
<status status="PASS" starttime="20220221 11:33:32.591" endtime="20220221 11:33:32.730"/>
</kw>
<kw name="Fechar o navegador" library="amazonResources" type="TEARDOWN">
<kw name="Capture Page Screenshot" library="SeleniumLibrary">
<doc>Takes a screenshot of the current page and embeds it into a log file.</doc>
<msg timestamp="20220221 11:33:51.582" level="INFO" html="true">&lt;/td&gt;&lt;/tr&gt;&lt;tr&gt;&lt;td colspan="3"&gt;&lt;a href="selenium-screenshot-1.png"&gt;&lt;img src="selenium-screenshot-1.png" width="800px"&gt;&lt;/a&gt;</msg>
<status status="PASS" starttime="20220221 11:33:32.734" endtime="20220221 11:33:51.582"/>
</kw>
<kw name="Close Browser" library="SeleniumLibrary">
<doc>Closes the current browser.</doc>
<status status="PASS" starttime="20220221 11:33:51.582" endtime="20220221 11:33:53.745"/>
</kw>
<status status="PASS" starttime="20220221 11:33:32.733" endtime="20220221 11:33:53.747"/>
</kw>
<doc>Esse teste verifica o nome eletrônicos do site da Amazon.com.br
E verifica a categoria Computadores e Informática</doc>
<tag>menus</tag>
<status status="PASS" starttime="20220221 11:33:21.740" endtime="20220221 11:33:53.754"/>
</test>
<doc>Essa suite testa o site da Amazon.com.br</doc>
<status status="PASS" starttime="20220221 11:33:21.475" endtime="20220221 11:33:53.758"/>
</suite>
<statistics>
<total>
<stat pass="1" fail="0" skip="0">All Tests</stat>
</total>
<tag>
<stat pass="1" fail="0" skip="0">menus</stat>
</tag>
<suite>
<stat pass="1" fail="0" skip="0" id="s1" name="amazonTest">amazonTest</stat>
</suite>
</statistics>
<errors>
</errors>
</robot>
